<?xml version="1.0" encoding="UTF-8"?>
<robot generator="Robot 3.1.2 (Python 3.7.6 on darwin)" generated="20200517 23:14:35.803" rpa="false">
<suite id="s1" name="TestSuite" source="/Users/heena.c/PycharmProjects/MobileAuto/MobileTest/TestSuite">
<suite id="s1-s1" name="Amazon" source="/Users/heena.c/PycharmProjects/MobileAuto/MobileTest/TestSuite/Amazon.robot">
<test id="s1-s1-t1" name="Signing In To Amazon Shopping Account With Valid Credentials">
<kw name="Launching And Signing In To Amazon Shopping Application" library="Amazon">
<arguments>
<arg>${VALID_EMAIL_ID}</arg>
<arg>${VALID_PASSWORD}</arg>
</arguments>
<kw name="Open Application" library="AppiumLibrary">
<doc>Opens a new application to given Appium server.
Capabilities of appium server, Android and iOS,
Please check https://github.com/appium/appium/blob/master/docs/en/writing-running-appium/server-args.md
| *Option*            | *Man.* | *Description*     |
| remote_url          | Yes    | Appium server url |
| alias               | no     | alias             |</doc>
<arguments>
<arg>${APPIUM_SERVER}</arg>
<arg>udid=emulator-5554</arg>
<arg>platformName=${APPIUM_PLATFORMNAME}</arg>
<arg>deviceName=${APPIUM_DEVICE_NAME}</arg>
<arg>appPackage=${APPIUM_PACKAGE_NAME}</arg>
<arg>appActivity=${APPIUM_ACTIVITY_NAME}</arg>
</arguments>
<status status="PASS" starttime="20200517 23:14:35.914" endtime="20200517 23:14:45.255"></status>
</kw>
<kw name="Click Element" library="AppiumLibrary">
<doc>Click element identified by `locator`.</doc>
<arguments>
<arg>${SIGN_IN}</arg>
</arguments>
<msg timestamp="20200517 23:14:45.256" level="INFO">Clicking element 'id=in.amazon.mShop.android.shopping:id/sign_in_button'.</msg>
<status status="PASS" starttime="20200517 23:14:45.255" endtime="20200517 23:14:45.352"></status>
</kw>
<kw name="Sleep" library="BuiltIn">
<doc>Pauses the test executed for the given time.</doc>
<arguments>
<arg>3s</arg>
</arguments>
<msg timestamp="20200517 23:14:48.354" level="INFO">Slept 3 seconds</msg>
<status status="PASS" starttime="20200517 23:14:45.352" endtime="20200517 23:14:48.354"></status>
</kw>
<kw name="Wait Until Page Contains Element" library="AppiumLibrary">
<doc>Waits until element specified with `locator` appears on current page.</doc>
<arguments>
<arg>${EMAIL_ID_TEXTFIELD}</arg>
</arguments>
<status status="PASS" starttime="20200517 23:14:48.354" endtime="20200517 23:14:49.152"></status>
</kw>
<kw name="Wait Until Element Is Visible" library="AppiumLibrary">
<doc>Waits until element specified with `locator` is visible.</doc>
<arguments>
<arg>${EMAIL_ID_TEXTFIELD}</arg>
</arguments>
<status status="PASS" starttime="20200517 23:14:49.152" endtime="20200517 23:14:49.352"></status>
</kw>
<kw name="Input Text" library="AppiumLibrary">
<doc>Types the given `text` into text field identified by `locator`.</doc>
<arguments>
<arg>${EMAIL_ID_TEXTFIELD}</arg>
<arg>${EMAIL_ID}</arg>
</arguments>
<msg timestamp="20200517 23:14:49.353" level="INFO">Typing text 'ercathina@gmail.com' into text field 'xpath=//android.webkit.WebView[@content-desc= 'Amazon Sign In']/android.view.View/android.view.View[2]/android.view.View[2]/android.view.View[2]/android.view.View/android.view.View/android.view.View[2]/android.widget.EditText'</msg>
<status status="PASS" starttime="20200517 23:14:49.352" endtime="20200517 23:14:49.558"></status>
</kw>
<kw name="Click Element" library="AppiumLibrary">
<doc>Click element identified by `locator`.</doc>
<arguments>
<arg>${CONTINUE_BTN}</arg>
</arguments>
<msg timestamp="20200517 23:14:49.560" level="INFO">Clicking element 'xpath=//android.widget.Button[@content-desc='Continue']'.</msg>
<status status="PASS" starttime="20200517 23:14:49.558" endtime="20200517 23:14:50.352"></status>
</kw>
<kw name="Wait Until Page Contains Element" library="AppiumLibrary">
<doc>Waits until element specified with `locator` appears on current page.</doc>
<arguments>
<arg>${EMAIL_PASSWORD}</arg>
</arguments>
<status status="PASS" starttime="20200517 23:14:50.352" endtime="20200517 23:14:52.102"></status>
</kw>
<kw name="Input Password" library="AppiumLibrary">
<doc>Types the given password into text field identified by `locator`.</doc>
<arguments>
<arg>${EMAIL_PASSWORD}</arg>
<arg>${PASSWORD}</arg>
</arguments>
<msg timestamp="20200517 23:14:52.103" level="INFO">Typing password into text field 'xpath=//android.webkit.WebView[@content-desc='Amazon Sign In']/android.view.View/android.view.View[5]/android.view.View[2]/android.widget.EditText'</msg>
<status status="PASS" starttime="20200517 23:14:52.102" endtime="20200517 23:14:52.953"></status>
</kw>
<kw name="Wait Until Page Contains Element" library="AppiumLibrary">
<doc>Waits until element specified with `locator` appears on current page.</doc>
<arguments>
<arg>${LOGIN_BTN}</arg>
</arguments>
<status status="PASS" starttime="20200517 23:14:52.953" endtime="20200517 23:14:53.203"></status>
</kw>
<kw name="Click Element" library="AppiumLibrary">
<doc>Click element identified by `locator`.</doc>
<arguments>
<arg>${LOGIN_BTN}</arg>
</arguments>
<msg timestamp="20200517 23:14:53.204" level="INFO">Clicking element 'xpath=//android.widget.Button[@content-desc='Login']'.</msg>
<status status="PASS" starttime="20200517 23:14:53.203" endtime="20200517 23:14:53.603"></status>
</kw>
<status status="PASS" starttime="20200517 23:14:35.914" endtime="20200517 23:14:53.603"></status>
</kw>
<kw name="Wait Until Page Contains Element" library="AppiumLibrary">
<doc>Waits until element specified with `locator` appears on current page.</doc>
<arguments>
<arg>${LEFT_NAV_PANEL}</arg>
</arguments>
<status status="PASS" starttime="20200517 23:14:53.603" endtime="20200517 23:14:58.903"></status>
</kw>
<kw name="Sleep" library="BuiltIn">
<doc>Pauses the test executed for the given time.</doc>
<arguments>
<arg>3s</arg>
</arguments>
<msg timestamp="20200517 23:15:01.904" level="INFO">Slept 3 seconds</msg>
<status status="PASS" starttime="20200517 23:14:58.903" endtime="20200517 23:15:01.904"></status>
</kw>
<kw name="Click Element" library="AppiumLibrary">
<doc>Click element identified by `locator`.</doc>
<arguments>
<arg>${LEFT_NAV_PANEL}</arg>
</arguments>
<msg timestamp="20200517 23:15:01.906" level="INFO">Clicking element 'xpath=//android.widget.ImageView[@content-desc='Navigation panel, button, double tap to open side panel']'.</msg>
<status status="PASS" starttime="20200517 23:15:01.905" endtime="20200517 23:15:02.252"></status>
</kw>
<kw name="Page Should Contain Text" library="AppiumLibrary">
<doc>Verifies that current page contains `text`.</doc>
<arguments>
<arg>Hello, heena</arg>
</arguments>
<msg timestamp="20200517 23:15:03.809" level="INFO">Current page contains text 'Hello, heena'.</msg>
<status status="PASS" starttime="20200517 23:15:02.252" endtime="20200517 23:15:03.809"></status>
</kw>
<kw name="Close Application" library="AppiumLibrary" type="teardown">
<doc>Closes the current application and also close webdriver session.</doc>
<status status="PASS" starttime="20200517 23:15:03.810" endtime="20200517 23:15:03.954"></status>
</kw>
<doc>checking login is happening with valid creds or not</doc>
<status status="PASS" starttime="20200517 23:14:35.913" endtime="20200517 23:15:03.954" critical="yes"></status>
</test>
<test id="s1-s1-t2" name="Signing In To Amazon Shopping Account With Invalid Credentials">
<kw name="Launching And Signing In To Amazon Shopping Application" library="Amazon">
<arguments>
<arg>${VALID_EMAIL_ID}</arg>
<arg>${INVALID_PASSWORD}</arg>
</arguments>
<kw name="Open Application" library="AppiumLibrary">
<doc>Opens a new application to given Appium server.
Capabilities of appium server, Android and iOS,
Please check https://github.com/appium/appium/blob/master/docs/en/writing-running-appium/server-args.md
| *Option*            | *Man.* | *Description*     |
| remote_url          | Yes    | Appium server url |
| alias               | no     | alias             |</doc>
<arguments>
<arg>${APPIUM_SERVER}</arg>
<arg>udid=emulator-5554</arg>
<arg>platformName=${APPIUM_PLATFORMNAME}</arg>
<arg>deviceName=${APPIUM_DEVICE_NAME}</arg>
<arg>appPackage=${APPIUM_PACKAGE_NAME}</arg>
<arg>appActivity=${APPIUM_ACTIVITY_NAME}</arg>
</arguments>
<status status="PASS" starttime="20200517 23:15:03.956" endtime="20200517 23:15:11.805"></status>
</kw>
<kw name="Click Element" library="AppiumLibrary">
<doc>Click element identified by `locator`.</doc>
<arguments>
<arg>${SIGN_IN}</arg>
</arguments>
<msg timestamp="20200517 23:15:11.806" level="INFO">Clicking element 'id=in.amazon.mShop.android.shopping:id/sign_in_button'.</msg>
<status status="PASS" starttime="20200517 23:15:11.805" endtime="20200517 23:15:12.006"></status>
</kw>
<kw name="Sleep" library="BuiltIn">
<doc>Pauses the test executed for the given time.</doc>
<arguments>
<arg>3s</arg>
</arguments>
<msg timestamp="20200517 23:15:15.006" level="INFO">Slept 3 seconds</msg>
<status status="PASS" starttime="20200517 23:15:12.006" endtime="20200517 23:15:15.007"></status>
</kw>
<kw name="Wait Until Page Contains Element" library="AppiumLibrary">
<doc>Waits until element specified with `locator` appears on current page.</doc>
<arguments>
<arg>${EMAIL_ID_TEXTFIELD}</arg>
</arguments>
<status status="PASS" starttime="20200517 23:15:15.007" endtime="20200517 23:15:15.352"></status>
</kw>
<kw name="Wait Until Element Is Visible" library="AppiumLibrary">
<doc>Waits until element specified with `locator` is visible.</doc>
<arguments>
<arg>${EMAIL_ID_TEXTFIELD}</arg>
</arguments>
<status status="PASS" starttime="20200517 23:15:15.353" endtime="20200517 23:15:15.765"></status>
</kw>
<kw name="Input Text" library="AppiumLibrary">
<doc>Types the given `text` into text field identified by `locator`.</doc>
<arguments>
<arg>${EMAIL_ID_TEXTFIELD}</arg>
<arg>${EMAIL_ID}</arg>
</arguments>
<msg timestamp="20200517 23:15:15.766" level="INFO">Typing text 'ercathina@gmail.com' into text field 'xpath=//android.webkit.WebView[@content-desc= 'Amazon Sign In']/android.view.View/android.view.View[2]/android.view.View[2]/android.view.View[2]/android.view.View/android.view.View/android.view.View[2]/android.widget.EditText'</msg>
<status status="PASS" starttime="20200517 23:15:15.765" endtime="20200517 23:15:15.957"></status>
</kw>
<kw name="Click Element" library="AppiumLibrary">
<doc>Click element identified by `locator`.</doc>
<arguments>
<arg>${CONTINUE_BTN}</arg>
</arguments>
<msg timestamp="20200517 23:15:15.959" level="INFO">Clicking element 'xpath=//android.widget.Button[@content-desc='Continue']'.</msg>
<status status="PASS" starttime="20200517 23:15:15.957" endtime="20200517 23:15:16.752"></status>
</kw>
<kw name="Wait Until Page Contains Element" library="AppiumLibrary">
<doc>Waits until element specified with `locator` appears on current page.</doc>
<arguments>
<arg>${EMAIL_PASSWORD}</arg>
</arguments>
<status status="PASS" starttime="20200517 23:15:16.752" endtime="20200517 23:15:18.359"></status>
</kw>
<kw name="Input Password" library="AppiumLibrary">
<doc>Types the given password into text field identified by `locator`.</doc>
<arguments>
<arg>${EMAIL_PASSWORD}</arg>
<arg>${PASSWORD}</arg>
</arguments>
<msg timestamp="20200517 23:15:18.361" level="INFO">Typing password into text field 'xpath=//android.webkit.WebView[@content-desc='Amazon Sign In']/android.view.View/android.view.View[5]/android.view.View[2]/android.widget.EditText'</msg>
<status status="PASS" starttime="20200517 23:15:18.359" endtime="20200517 23:15:19.163"></status>
</kw>
<kw name="Wait Until Page Contains Element" library="AppiumLibrary">
<doc>Waits until element specified with `locator` appears on current page.</doc>
<arguments>
<arg>${LOGIN_BTN}</arg>
</arguments>
<status status="PASS" starttime="20200517 23:15:19.164" endtime="20200517 23:15:19.802"></status>
</kw>
<kw name="Click Element" library="AppiumLibrary">
<doc>Click element identified by `locator`.</doc>
<arguments>
<arg>${LOGIN_BTN}</arg>
</arguments>
<msg timestamp="20200517 23:15:19.804" level="INFO">Clicking element 'xpath=//android.widget.Button[@content-desc='Login']'.</msg>
<status status="PASS" starttime="20200517 23:15:19.803" endtime="20200517 23:15:19.952"></status>
</kw>
<status status="PASS" starttime="20200517 23:15:03.955" endtime="20200517 23:15:19.952"></status>
</kw>
<kw name="Wait Until Page Contains Element" library="AppiumLibrary">
<doc>Waits until element specified with `locator` appears on current page.</doc>
<arguments>
<arg>${ERROR_PASSWORD}</arg>
</arguments>
<status status="PASS" starttime="20200517 23:15:19.952" endtime="20200517 23:15:22.060"></status>
</kw>
<kw name="Page Should Contain Element" library="AppiumLibrary">
<doc>Verifies that current page contains `locator` element.</doc>
<arguments>
<arg>${ERROR_PASSWORD}</arg>
</arguments>
<msg timestamp="20200517 23:15:22.209" level="INFO">Current page contains element 'xpath=//android.view.View[@content-desc='Your password is incorrect']'.</msg>
<status status="PASS" starttime="20200517 23:15:22.060" endtime="20200517 23:15:22.209"></status>
</kw>
<kw name="Close Application" library="AppiumLibrary" type="teardown">
<doc>Closes the current application and also close webdriver session.</doc>
<status status="PASS" starttime="20200517 23:15:22.209" endtime="20200517 23:15:22.406"></status>
</kw>
<doc>checking login is happening with invalid creds or not</doc>
<status status="PASS" starttime="20200517 23:15:03.955" endtime="20200517 23:15:22.406" critical="yes"></status>
</test>
<test id="s1-s1-t3" name="Searching And Adding Searched Product To Cart">
<kw name="Launching And Signing In To Amazon Shopping Application" library="Amazon">
<arguments>
<arg>${VALID_EMAIL_ID}</arg>
<arg>${VALID_PASSWORD}</arg>
</arguments>
<kw name="Open Application" library="AppiumLibrary">
<doc>Opens a new application to given Appium server.
Capabilities of appium server, Android and iOS,
Please check https://github.com/appium/appium/blob/master/docs/en/writing-running-appium/server-args.md
| *Option*            | *Man.* | *Description*     |
| remote_url          | Yes    | Appium server url |
| alias               | no     | alias             |</doc>
<arguments>
<arg>${APPIUM_SERVER}</arg>
<arg>udid=emulator-5554</arg>
<arg>platformName=${APPIUM_PLATFORMNAME}</arg>
<arg>deviceName=${APPIUM_DEVICE_NAME}</arg>
<arg>appPackage=${APPIUM_PACKAGE_NAME}</arg>
<arg>appActivity=${APPIUM_ACTIVITY_NAME}</arg>
</arguments>
<status status="PASS" starttime="20200517 23:15:22.408" endtime="20200517 23:15:29.955"></status>
</kw>
<kw name="Click Element" library="AppiumLibrary">
<doc>Click element identified by `locator`.</doc>
<arguments>
<arg>${SIGN_IN}</arg>
</arguments>
<msg timestamp="20200517 23:15:29.957" level="INFO">Clicking element 'id=in.amazon.mShop.android.shopping:id/sign_in_button'.</msg>
<status status="PASS" starttime="20200517 23:15:29.955" endtime="20200517 23:15:30.302"></status>
</kw>
<kw name="Sleep" library="BuiltIn">
<doc>Pauses the test executed for the given time.</doc>
<arguments>
<arg>3s</arg>
</arguments>
<msg timestamp="20200517 23:15:33.302" level="INFO">Slept 3 seconds</msg>
<status status="PASS" starttime="20200517 23:15:30.302" endtime="20200517 23:15:33.303"></status>
</kw>
<kw name="Wait Until Page Contains Element" library="AppiumLibrary">
<doc>Waits until element specified with `locator` appears on current page.</doc>
<arguments>
<arg>${EMAIL_ID_TEXTFIELD}</arg>
</arguments>
<status status="PASS" starttime="20200517 23:15:33.303" endtime="20200517 23:15:33.703"></status>
</kw>
<kw name="Wait Until Element Is Visible" library="AppiumLibrary">
<doc>Waits until element specified with `locator` is visible.</doc>
<arguments>
<arg>${EMAIL_ID_TEXTFIELD}</arg>
</arguments>
<status status="PASS" starttime="20200517 23:15:33.703" endtime="20200517 23:15:34.052"></status>
</kw>
<kw name="Input Text" library="AppiumLibrary">
<doc>Types the given `text` into text field identified by `locator`.</doc>
<arguments>
<arg>${EMAIL_ID_TEXTFIELD}</arg>
<arg>${EMAIL_ID}</arg>
</arguments>
<msg timestamp="20200517 23:15:34.053" level="INFO">Typing text 'ercathina@gmail.com' into text field 'xpath=//android.webkit.WebView[@content-desc= 'Amazon Sign In']/android.view.View/android.view.View[2]/android.view.View[2]/android.view.View[2]/android.view.View/android.view.View/android.view.View[2]/android.widget.EditText'</msg>
<status status="PASS" starttime="20200517 23:15:34.052" endtime="20200517 23:15:34.753"></status>
</kw>
<kw name="Click Element" library="AppiumLibrary">
<doc>Click element identified by `locator`.</doc>
<arguments>
<arg>${CONTINUE_BTN}</arg>
</arguments>
<msg timestamp="20200517 23:15:34.755" level="INFO">Clicking element 'xpath=//android.widget.Button[@content-desc='Continue']'.</msg>
<status status="PASS" starttime="20200517 23:15:34.753" endtime="20200517 23:15:35.502"></status>
</kw>
<kw name="Wait Until Page Contains Element" library="AppiumLibrary">
<doc>Waits until element specified with `locator` appears on current page.</doc>
<arguments>
<arg>${EMAIL_PASSWORD}</arg>
</arguments>
<status status="PASS" starttime="20200517 23:15:35.502" endtime="20200517 23:15:37.102"></status>
</kw>
<kw name="Input Password" library="AppiumLibrary">
<doc>Types the given password into text field identified by `locator`.</doc>
<arguments>
<arg>${EMAIL_PASSWORD}</arg>
<arg>${PASSWORD}</arg>
</arguments>
<msg timestamp="20200517 23:15:37.103" level="INFO">Typing password into text field 'xpath=//android.webkit.WebView[@content-desc='Amazon Sign In']/android.view.View/android.view.View[5]/android.view.View[2]/android.widget.EditText'</msg>
<status status="PASS" starttime="20200517 23:15:37.102" endtime="20200517 23:15:37.903"></status>
</kw>
<kw name="Wait Until Page Contains Element" library="AppiumLibrary">
<doc>Waits until element specified with `locator` appears on current page.</doc>
<arguments>
<arg>${LOGIN_BTN}</arg>
</arguments>
<status status="PASS" starttime="20200517 23:15:37.903" endtime="20200517 23:15:38.365"></status>
</kw>
<kw name="Click Element" library="AppiumLibrary">
<doc>Click element identified by `locator`.</doc>
<arguments>
<arg>${LOGIN_BTN}</arg>
</arguments>
<msg timestamp="20200517 23:15:38.367" level="INFO">Clicking element 'xpath=//android.widget.Button[@content-desc='Login']'.</msg>
<status status="PASS" starttime="20200517 23:15:38.365" endtime="20200517 23:15:38.753"></status>
</kw>
<status status="PASS" starttime="20200517 23:15:22.407" endtime="20200517 23:15:38.753"></status>
</kw>
<kw name="Sleep" library="BuiltIn">
<doc>Pauses the test executed for the given time.</doc>
<arguments>
<arg>3s</arg>
</arguments>
<msg timestamp="20200517 23:15:41.754" level="INFO">Slept 3 seconds</msg>
<status status="PASS" starttime="20200517 23:15:38.754" endtime="20200517 23:15:41.754"></status>
</kw>
<kw name="Wait Until Page Contains Element" library="AppiumLibrary">
<doc>Waits until element specified with `locator` appears on current page.</doc>
<arguments>
<arg>${SEARCH}</arg>
</arguments>
<status status="PASS" starttime="20200517 23:15:41.754" endtime="20200517 23:15:43.953"></status>
</kw>
<kw name="Click Element" library="AppiumLibrary">
<doc>Click element identified by `locator`.</doc>
<arguments>
<arg>${SEARCH}</arg>
</arguments>
<msg timestamp="20200517 23:15:43.955" level="INFO">Clicking element 'id=in.amazon.mShop.android.shopping:id/search_edit_text'.</msg>
<status status="PASS" starttime="20200517 23:15:43.953" endtime="20200517 23:15:44.103"></status>
</kw>
<kw name="Sleep" library="BuiltIn">
<doc>Pauses the test executed for the given time.</doc>
<arguments>
<arg>10s</arg>
</arguments>
<msg timestamp="20200517 23:15:54.106" level="INFO">Slept 10 seconds</msg>
<status status="PASS" starttime="20200517 23:15:44.103" endtime="20200517 23:15:54.106"></status>
</kw>
<kw name="Input Text" library="AppiumLibrary">
<doc>Types the given `text` into text field identified by `locator`.</doc>
<arguments>
<arg>${SEARCH_TEXT}</arg>
<arg>OnePlus 7T (Glacier Blue, 8GB RAM, Fluid AMOLED Display, 128GB Storage, 3800mAH Battery)</arg>
</arguments>
<msg timestamp="20200517 23:15:54.108" level="INFO">Typing text 'OnePlus 7T (Glacier Blue, 8GB RAM, Fluid AMOLED Display, 128GB Storage, 3800mAH Battery)' into text field 'id=in.amazon.mShop.android.shopping:id/search_auto_text'</msg>
<status status="PASS" starttime="20200517 23:15:54.106" endtime="20200517 23:15:54.805"></status>
</kw>
<kw name="Click Element" library="AppiumLibrary">
<doc>Click element identified by `locator`.</doc>
<arguments>
<arg>id=in.amazon.mShop.android.shopping:id/action_bar_cart_count</arg>
</arguments>
<msg timestamp="20200517 23:15:54.808" level="INFO">Clicking element 'id=in.amazon.mShop.android.shopping:id/action_bar_cart_count'.</msg>
<status status="PASS" starttime="20200517 23:15:54.806" endtime="20200517 23:15:55.703"></status>
</kw>
<kw name="Sleep" library="BuiltIn">
<doc>Pauses the test executed for the given time.</doc>
<arguments>
<arg>3s</arg>
</arguments>
<msg timestamp="20200517 23:15:58.704" level="INFO">Slept 3 seconds</msg>
<status status="PASS" starttime="20200517 23:15:55.703" endtime="20200517 23:15:58.704"></status>
</kw>
<kw name="Click Element At Coordinates" library="AppiumLibrary">
<doc>click element at a certain coordinate</doc>
<arguments>
<arg>45</arg>
<arg>279</arg>
</arguments>
<msg timestamp="20200517 23:15:58.705" level="INFO">Pressing at (45, 279).</msg>
<status status="PASS" starttime="20200517 23:15:58.704" endtime="20200517 23:15:58.853"></status>
</kw>
<kw name="Sleep" library="BuiltIn">
<doc>Pauses the test executed for the given time.</doc>
<arguments>
<arg>3s</arg>
</arguments>
<msg timestamp="20200517 23:16:01.854" level="INFO">Slept 3 seconds</msg>
<status status="PASS" starttime="20200517 23:15:58.853" endtime="20200517 23:16:01.854"></status>
</kw>
<kw name="Click Element At Coordinates" library="AppiumLibrary">
<doc>click element at a certain coordinate</doc>
<arguments>
<arg>507</arg>
<arg>1503</arg>
</arguments>
<msg timestamp="20200517 23:16:01.855" level="INFO">Pressing at (507, 1503).</msg>
<status status="PASS" starttime="20200517 23:16:01.854" endtime="20200517 23:16:02.502"></status>
</kw>
<kw name="Close Application" library="AppiumLibrary">
<doc>Closes the current application and also close webdriver session.</doc>
<status status="PASS" starttime="20200517 23:16:02.503" endtime="20200517 23:16:02.704"></status>
</kw>
<doc>checking products</doc>
<tags>
<tag>final</tag>
</tags>
<status status="PASS" starttime="20200517 23:15:22.406" endtime="20200517 23:16:02.704" critical="yes"></status>
</test>
<status status="PASS" starttime="20200517 23:14:35.821" endtime="20200517 23:16:02.705"></status>
</suite>
<suite id="s1-s2" name="ResellerClub" source="/Users/heena.c/PycharmProjects/MobileAuto/MobileTest/TestSuite/ResellerClub.robot">
<test id="s1-s2-t1" name="Signing In To Reseller Club">
<kw name="Login to Reseller Club" library="ResellerClub">
<arguments>
<arg>${RESELLER_EMAIL_ID}</arg>
<arg>${RESELLER_PASSWORD}</arg>
</arguments>
<kw name="Open Application" library="AppiumLibrary">
<doc>Opens a new application to given Appium server.
Capabilities of appium server, Android and iOS,
Please check https://github.com/appium/appium/blob/master/docs/en/writing-running-appium/server-args.md
| *Option*            | *Man.* | *Description*     |
| remote_url          | Yes    | Appium server url |
| alias               | no     | alias             |</doc>
<arguments>
<arg>${APPIUM_SERVER}</arg>
<arg>udid=emulator-5554</arg>
<arg>platformName=${APPIUM_PLATFORMNAME}</arg>
<arg>deviceName=${APPIUM_DEVICE_NAME}</arg>
<arg>appPackage=${APPIUM_PACKAGE_NAME}</arg>
<arg>appActivity=${APPIUM_ACTIVITY_NAME}</arg>
</arguments>
<status status="PASS" starttime="20200517 23:16:02.714" endtime="20200517 23:16:11.468"></status>
</kw>
<kw name="Sleep" library="BuiltIn">
<doc>Pauses the test executed for the given time.</doc>
<arguments>
<arg>7s</arg>
</arguments>
<msg timestamp="20200517 23:16:18.469" level="INFO">Slept 7 seconds</msg>
<status status="PASS" starttime="20200517 23:16:11.468" endtime="20200517 23:16:18.469"></status>
</kw>
<kw name="Click Text" library="AppiumLibrary">
<doc>Click text identified by ``text``.</doc>
<arguments>
<arg>LOGIN</arg>
</arguments>
<status status="PASS" starttime="20200517 23:16:18.469" endtime="20200517 23:16:18.803"></status>
</kw>
<kw name="Sleep" library="BuiltIn">
<doc>Pauses the test executed for the given time.</doc>
<arguments>
<arg>7s</arg>
</arguments>
<msg timestamp="20200517 23:16:25.804" level="INFO">Slept 7 seconds</msg>
<status status="PASS" starttime="20200517 23:16:18.803" endtime="20200517 23:16:25.804"></status>
</kw>
<kw name="Wait Until Page Contains Element" library="AppiumLibrary">
<doc>Waits until element specified with `locator` appears on current page.</doc>
<arguments>
<arg>${EMAIL_ID_TEXTFIELD}</arg>
</arguments>
<status status="PASS" starttime="20200517 23:16:25.805" endtime="20200517 23:16:25.853"></status>
</kw>
<kw name="Input Text" library="AppiumLibrary">
<doc>Types the given `text` into text field identified by `locator`.</doc>
<arguments>
<arg>${EMAIL_ID_TEXTFIELD}</arg>
<arg>${RESELLER_EMAIL_ID}</arg>
</arguments>
<msg timestamp="20200517 23:16:25.854" level="INFO">Typing text 'sameer.d@endurance.com' into text field 'accessibility_id=text-input-username'</msg>
<status status="PASS" starttime="20200517 23:16:25.853" endtime="20200517 23:16:25.952"></status>
</kw>
<kw name="Wait Until Element Is Visible" library="AppiumLibrary">
<doc>Waits until element specified with `locator` is visible.</doc>
<arguments>
<arg>${EMAIL_PASSWORD}</arg>
</arguments>
<status status="PASS" starttime="20200517 23:16:25.952" endtime="20200517 23:16:26.602"></status>
</kw>
<kw name="Input Password" library="AppiumLibrary">
<doc>Types the given password into text field identified by `locator`.</doc>
<arguments>
<arg>${EMAIL_PASSWORD}</arg>
<arg>${RESELLER_PASSWORD}</arg>
</arguments>
<msg timestamp="20200517 23:16:26.604" level="INFO">Typing password into text field 'accessibility_id=text-input-password'</msg>
<status status="PASS" starttime="20200517 23:16:26.603" endtime="20200517 23:16:26.702"></status>
</kw>
<kw name="Click Element" library="AppiumLibrary">
<doc>Click element identified by `locator`.</doc>
<arguments>
<arg>${AGREE_CHECKBOX}</arg>
</arguments>
<msg timestamp="20200517 23:16:26.704" level="INFO">Clicking element 'accessibility_id=tnc-checkbox-unchecked'.</msg>
<status status="PASS" starttime="20200517 23:16:26.703" endtime="20200517 23:16:27.253"></status>
</kw>
<kw name="Wait Until Element Is Visible" library="AppiumLibrary">
<doc>Waits until element specified with `locator` is visible.</doc>
<arguments>
<arg>${LOGIN_BTN}</arg>
</arguments>
<status status="PASS" starttime="20200517 23:16:27.253" endtime="20200517 23:16:27.956"></status>
</kw>
<kw name="Click Element" library="AppiumLibrary">
<doc>Click element identified by `locator`.</doc>
<arguments>
<arg>${LOGIN_BTN}</arg>
</arguments>
<msg timestamp="20200517 23:16:27.957" level="INFO">Clicking element 'accessibility_id=button-login'.</msg>
<status status="PASS" starttime="20200517 23:16:27.956" endtime="20200517 23:16:28.052"></status>
</kw>
<kw name="Sleep" library="BuiltIn">
<doc>Pauses the test executed for the given time.</doc>
<arguments>
<arg>5s</arg>
</arguments>
<msg timestamp="20200517 23:16:33.053" level="INFO">Slept 5 seconds</msg>
<status status="PASS" starttime="20200517 23:16:28.052" endtime="20200517 23:16:33.054"></status>
</kw>
<kw name="Close Application" library="AppiumLibrary">
<doc>Closes the current application and also close webdriver session.</doc>
<msg timestamp="20200517 23:16:33.056" level="WARN">Retrying (Retry(total=2, connect=None, read=None, redirect=None, status=None)) after connection broken by 'ProtocolError('Connection aborted.', ConnectionResetError(54, 'Connection reset by peer'))': /wd/hub/session/c1cbaae4-9bbf-4cd3-9083-471eaf8ea2c0</msg>
<status status="PASS" starttime="20200517 23:16:33.054" endtime="20200517 23:16:33.205"></status>
</kw>
<status status="PASS" starttime="20200517 23:16:02.714" endtime="20200517 23:16:33.205"></status>
</kw>
<status status="PASS" starttime="20200517 23:16:02.713" endtime="20200517 23:16:33.205" critical="yes"></status>
</test>
<status status="PASS" starttime="20200517 23:16:02.706" endtime="20200517 23:16:33.206"></status>
</suite>
<status status="PASS" starttime="20200517 23:14:35.804" endtime="20200517 23:16:33.207"></status>
</suite>
<statistics>
<total>
<stat pass="4" fail="0">Critical Tests</stat>
<stat pass="4" fail="0">All Tests</stat>
</total>
<tag>
<stat pass="1" fail="0">final</stat>
</tag>
<suite>
<stat pass="4" fail="0" id="s1" name="TestSuite">TestSuite</stat>
<stat pass="3" fail="0" id="s1-s1" name="Amazon">TestSuite.Amazon</stat>
<stat pass="1" fail="0" id="s1-s2" name="ResellerClub">TestSuite.ResellerClub</stat>
</suite>
</statistics>
<errors>
<msg timestamp="20200517 23:16:33.056" level="WARN">Retrying (Retry(total=2, connect=None, read=None, redirect=None, status=None)) after connection broken by 'ProtocolError('Connection aborted.', ConnectionResetError(54, 'Connection reset by peer'))': /wd/hub/session/c1cbaae4-9bbf-4cd3-9083-471eaf8ea2c0</msg>
</errors>
</robot>
